<?xml version="1.0" encoding="UTF-8"?>
<testsuite name="UserValidationTest" tests="1" skipped="0" failures="0" errors="0" timestamp="2019-12-24T10:04:02" hostname="jotiram-Inspiron-15-3567" time="0.001">
  <properties/>
  <testcase name="whenPasswordConatinLessThanEightCharacter_shouldReturnFalse" classname="UserValidationTest" time="0.001"/>
  <system-out><![CDATA[]]></system-out>
  <system-err><![CDATA[]]></system-err>
</testsuite>
