<?xml version="1.0" encoding="UTF-8"?>
<testsuite name="UserValidationTest" tests="8" skipped="0" failures="0" errors="0" timestamp="2019-12-24T07:26:04" hostname="jotiram-Inspiron-15-3567" time="0.003">
  <properties/>
  <testcase name="whenGivenFirstNameLengthGreaterThan3_shouldReturnTrue" classname="UserValidationTest" time="0.001"/>
  <testcase name="whenGivenLastNameStartWithSmallLetter_shouldReturnFale" classname="UserValidationTest" time="0.0"/>
  <testcase name="whenGivenLastNameWith1stLetterCap_shouldReturnTrue" classname="UserValidationTest" time="0.0"/>
  <testcase name="whenGivenLastNameLengthLessThan3_sholdReturnFalse" classname="UserValidationTest" time="0.0"/>
  <testcase name="whenGivenFirstNameStartWithSmallLetter_shouldReturnFale" classname="UserValidationTest" time="0.0"/>
  <testcase name="whenGivenFirstNameLengthLessThan3_sholdReturnFalse" classname="UserValidationTest" time="0.0"/>
  <testcase name="whenGivenLastNameLengthGreaterThan3_shouldReturnTrue" classname="UserValidationTest" time="0.0"/>
  <testcase name="whenGivenFirstNameWith1stLetterCap_shouldReturnTrue" classname="UserValidationTest" time="0.0"/>
  <system-out><![CDATA[]]></system-out>
  <system-err><![CDATA[]]></system-err>
</testsuite>
