<?xml version="1.0" encoding="UTF-8"?>
<testsuite name="UserValidationTest" tests="1" skipped="0" failures="0" errors="0" timestamp="2019-12-24T06:10:05" hostname="jotiram-Inspiron-15-3567" time="0.001">
  <properties/>
  <testcase name="whenGivenFirstNameLengthGreaterThan3_shouldReturnTrue" classname="UserValidationTest" time="0.001"/>
  <system-out><![CDATA[]]></system-out>
  <system-err><![CDATA[]]></system-err>
</testsuite>
